2018-11-14 12:53:43,381 | Train Epoch: 0 [0/50000 (0%)]	Loss: 1648.070312
2018-11-14 12:53:55,651 | Train Epoch: 0 [25600/50000 (51%)]	Loss: -17479.226562
2018-11-14 12:54:07,709 | ====> Epoch: 0 Average loss: -17254.0664
2018-11-14 12:54:07,811 | Test Epoch: 0 [0/10000 (0%)]	Loss: -18536.460938
2018-11-14 12:54:10,534 | ====> Test set loss: -21149.4883
2018-11-14 12:54:10,689 | Train Epoch: 1 [0/50000 (0%)]	Loss: -21288.880859
2018-11-14 12:54:23,428 | Train Epoch: 1 [25600/50000 (51%)]	Loss: -23117.923828
2018-11-14 12:54:35,762 | ====> Epoch: 1 Average loss: -21316.7539
2018-11-14 12:54:35,870 | Test Epoch: 1 [0/10000 (0%)]	Loss: -19871.591797
2018-11-14 12:54:38,715 | ====> Test set loss: -20041.8887
2018-11-14 12:54:38,854 | Train Epoch: 2 [0/50000 (0%)]	Loss: -21779.574219
2018-11-14 12:54:51,739 | Train Epoch: 2 [25600/50000 (51%)]	Loss: -20129.750000
2018-11-14 12:55:03,925 | ====> Epoch: 2 Average loss: -22773.5625
2018-11-14 12:55:04,033 | Test Epoch: 2 [0/10000 (0%)]	Loss: -21238.744141
2018-11-14 12:55:06,912 | ====> Test set loss: -21943.2949
2018-11-14 12:55:07,051 | Train Epoch: 3 [0/50000 (0%)]	Loss: -24845.701172
2018-11-14 12:55:20,077 | Train Epoch: 3 [25600/50000 (51%)]	Loss: -22385.066406
2018-11-14 12:55:32,468 | ====> Epoch: 3 Average loss: -23734.5566
2018-11-14 12:55:32,563 | Test Epoch: 3 [0/10000 (0%)]	Loss: -23666.414062
2018-11-14 12:55:35,433 | ====> Test set loss: -23290.8984
2018-11-14 12:55:35,576 | Train Epoch: 4 [0/50000 (0%)]	Loss: -25065.216797
2018-11-14 12:55:48,722 | Train Epoch: 4 [25600/50000 (51%)]	Loss: -24881.287109
2018-11-14 12:56:01,421 | ====> Epoch: 4 Average loss: -24696.4336
2018-11-14 12:56:01,523 | Test Epoch: 4 [0/10000 (0%)]	Loss: -24804.232422
2018-11-14 12:56:04,341 | ====> Test set loss: -24056.7227
2018-11-14 12:56:04,483 | Train Epoch: 5 [0/50000 (0%)]	Loss: -23037.300781
2018-11-14 12:56:17,573 | Train Epoch: 5 [25600/50000 (51%)]	Loss: -26651.181641
2018-11-14 12:56:29,916 | ====> Epoch: 5 Average loss: -25383.2441
2018-11-14 12:56:30,021 | Test Epoch: 5 [0/10000 (0%)]	Loss: -24589.488281
2018-11-14 12:56:32,874 | ====> Test set loss: -25718.5703
2018-11-14 12:56:33,016 | Train Epoch: 6 [0/50000 (0%)]	Loss: -25992.292969
2018-11-14 12:56:46,107 | Train Epoch: 6 [25600/50000 (51%)]	Loss: -25929.757812
2018-11-14 12:56:58,562 | ====> Epoch: 6 Average loss: -26153.8555
2018-11-14 12:56:58,675 | Test Epoch: 6 [0/10000 (0%)]	Loss: -26635.009766
2018-11-14 12:57:01,546 | ====> Test set loss: -26218.0293
2018-11-14 12:57:01,691 | Train Epoch: 7 [0/50000 (0%)]	Loss: -27813.441406
2018-11-14 12:57:14,781 | Train Epoch: 7 [25600/50000 (51%)]	Loss: -28677.722656
2018-11-14 12:57:27,236 | ====> Epoch: 7 Average loss: -26797.6289
2018-11-14 12:57:27,346 | Test Epoch: 7 [0/10000 (0%)]	Loss: -28112.066406
2018-11-14 12:57:30,257 | ====> Test set loss: -26679.8184
2018-11-14 12:57:30,397 | Train Epoch: 8 [0/50000 (0%)]	Loss: -28347.712891
2018-11-14 12:57:43,577 | Train Epoch: 8 [25600/50000 (51%)]	Loss: -27971.431641
2018-11-14 12:57:56,093 | ====> Epoch: 8 Average loss: -27591.2676
2018-11-14 12:57:56,195 | Test Epoch: 8 [0/10000 (0%)]	Loss: -26693.962891
2018-11-14 12:57:59,124 | ====> Test set loss: -27200.9609
2018-11-14 12:57:59,269 | Train Epoch: 9 [0/50000 (0%)]	Loss: -28707.027344
2018-11-14 12:58:12,509 | Train Epoch: 9 [25600/50000 (51%)]	Loss: -28636.177734
2018-11-14 12:58:25,096 | ====> Epoch: 9 Average loss: -28502.4434
2018-11-14 12:58:25,208 | Test Epoch: 9 [0/10000 (0%)]	Loss: -28702.373047
2018-11-14 12:58:28,160 | ====> Test set loss: -28432.1816
2018-11-14 12:58:28,304 | Train Epoch: 10 [0/50000 (0%)]	Loss: -30525.429688
2018-11-14 12:58:41,619 | Train Epoch: 10 [25600/50000 (51%)]	Loss: -31013.582031
2018-11-14 12:58:54,322 | ====> Epoch: 10 Average loss: -29248.0195
2018-11-14 12:58:54,431 | Test Epoch: 10 [0/10000 (0%)]	Loss: -28164.330078
2018-11-14 12:58:57,332 | ====> Test set loss: -29290.8359
2018-11-14 12:58:57,474 | Train Epoch: 11 [0/50000 (0%)]	Loss: -31299.494141
2018-11-14 12:59:10,891 | Train Epoch: 11 [25600/50000 (51%)]	Loss: -29691.224609
2018-11-14 12:59:23,558 | ====> Epoch: 11 Average loss: -30104.5762
2018-11-14 12:59:23,663 | Test Epoch: 11 [0/10000 (0%)]	Loss: -28925.095703
2018-11-14 12:59:26,618 | ====> Test set loss: -29470.6504
2018-11-14 12:59:26,760 | Train Epoch: 12 [0/50000 (0%)]	Loss: -30758.605469
2018-11-14 12:59:40,208 | Train Epoch: 12 [25600/50000 (51%)]	Loss: -28596.445312
2018-11-14 12:59:52,878 | ====> Epoch: 12 Average loss: -30881.9180
2018-11-14 12:59:52,986 | Test Epoch: 12 [0/10000 (0%)]	Loss: -31153.789062
2018-11-14 12:59:55,925 | ====> Test set loss: -30577.1270
2018-11-14 12:59:56,071 | Train Epoch: 13 [0/50000 (0%)]	Loss: -31994.570312
2018-11-14 13:00:09,563 | Train Epoch: 13 [25600/50000 (51%)]	Loss: -33347.351562
2018-11-14 13:00:22,282 | ====> Epoch: 13 Average loss: -31648.4141
2018-11-14 13:00:22,387 | Test Epoch: 13 [0/10000 (0%)]	Loss: -29235.968750
2018-11-14 13:00:25,316 | ====> Test set loss: -32047.4180
2018-11-14 13:00:25,462 | Train Epoch: 14 [0/50000 (0%)]	Loss: -33565.660156
2018-11-14 13:00:38,991 | Train Epoch: 14 [25600/50000 (51%)]	Loss: -32757.187500
2018-11-14 13:00:51,980 | ====> Epoch: 14 Average loss: -32336.7656
2018-11-14 13:00:52,091 | Test Epoch: 14 [0/10000 (0%)]	Loss: -33031.542969
2018-11-14 13:00:55,011 | ====> Test set loss: -32450.1758
2018-11-14 13:00:55,155 | Train Epoch: 15 [0/50000 (0%)]	Loss: -31054.173828
2018-11-14 13:01:08,862 | Train Epoch: 15 [25600/50000 (51%)]	Loss: -34519.300781
2018-11-14 13:01:21,828 | ====> Epoch: 15 Average loss: -32982.1641
2018-11-14 13:01:21,934 | Test Epoch: 15 [0/10000 (0%)]	Loss: -33956.855469
2018-11-14 13:01:24,890 | ====> Test set loss: -32483.8535
2018-11-14 13:01:25,036 | Train Epoch: 16 [0/50000 (0%)]	Loss: -33435.769531
2018-11-14 13:01:38,790 | Train Epoch: 16 [25600/50000 (51%)]	Loss: -34128.402344
2018-11-14 13:01:51,825 | ====> Epoch: 16 Average loss: -33565.4922
2018-11-14 13:01:51,942 | Test Epoch: 16 [0/10000 (0%)]	Loss: -35554.371094
2018-11-14 13:01:54,936 | ====> Test set loss: -33959.0391
2018-11-14 13:01:55,086 | Train Epoch: 17 [0/50000 (0%)]	Loss: -36757.847656
2018-11-14 13:02:08,964 | Train Epoch: 17 [25600/50000 (51%)]	Loss: -34756.179688
2018-11-14 13:02:22,096 | ====> Epoch: 17 Average loss: -34131.7383
2018-11-14 13:02:22,207 | Test Epoch: 17 [0/10000 (0%)]	Loss: -32786.363281
2018-11-14 13:02:25,114 | ====> Test set loss: -33122.0938
2018-11-14 13:02:25,258 | Train Epoch: 18 [0/50000 (0%)]	Loss: -32435.001953
2018-11-14 13:02:39,218 | Train Epoch: 18 [25600/50000 (51%)]	Loss: -36991.777344
2018-11-14 13:02:52,833 | ====> Epoch: 18 Average loss: -34665.5820
2018-11-14 13:02:52,956 | Test Epoch: 18 [0/10000 (0%)]	Loss: -33520.007812
2018-11-14 13:02:56,326 | ====> Test set loss: -33640.6367
2018-11-14 13:02:56,476 | Train Epoch: 19 [0/50000 (0%)]	Loss: -33073.457031
2018-11-14 13:03:10,993 | Train Epoch: 19 [25600/50000 (51%)]	Loss: -37693.464844
2018-11-14 13:03:25,101 | ====> Epoch: 19 Average loss: -35138.5781
2018-11-14 13:03:25,212 | Test Epoch: 19 [0/10000 (0%)]	Loss: -31965.070312
2018-11-14 13:03:28,907 | ====> Test set loss: -34024.2031
2018-11-14 13:03:29,099 | Train Epoch: 20 [0/50000 (0%)]	Loss: -32909.781250
2018-11-14 13:03:44,906 | Train Epoch: 20 [25600/50000 (51%)]	Loss: -36948.957031
2018-11-14 13:03:58,243 | ====> Epoch: 20 Average loss: -35620.9805
2018-11-14 13:03:58,351 | Test Epoch: 20 [0/10000 (0%)]	Loss: -38238.976562
2018-11-14 13:04:01,288 | ====> Test set loss: -36187.1055
2018-11-14 13:04:01,434 | Train Epoch: 21 [0/50000 (0%)]	Loss: -36666.449219
2018-11-14 13:04:15,553 | Train Epoch: 21 [25600/50000 (51%)]	Loss: -35659.390625
2018-11-14 13:04:28,866 | ====> Epoch: 21 Average loss: -36018.2695
2018-11-14 13:04:28,975 | Test Epoch: 21 [0/10000 (0%)]	Loss: -34612.613281
2018-11-14 13:04:31,964 | ====> Test set loss: -35667.7695
2018-11-14 13:04:32,113 | Train Epoch: 22 [0/50000 (0%)]	Loss: -37244.851562
2018-11-14 13:04:46,228 | Train Epoch: 22 [25600/50000 (51%)]	Loss: -37042.742188
2018-11-14 13:04:59,614 | ====> Epoch: 22 Average loss: -36396.2734
2018-11-14 13:04:59,723 | Test Epoch: 22 [0/10000 (0%)]	Loss: -33807.417969
2018-11-14 13:05:02,658 | ====> Test set loss: -35727.6367
2018-11-14 13:05:02,804 | Train Epoch: 23 [0/50000 (0%)]	Loss: -34854.386719
2018-11-14 13:05:16,933 | Train Epoch: 23 [25600/50000 (51%)]	Loss: -35774.585938
2018-11-14 13:05:30,385 | ====> Epoch: 23 Average loss: -36759.0977
2018-11-14 13:05:30,494 | Test Epoch: 23 [0/10000 (0%)]	Loss: -36735.570312
2018-11-14 13:05:33,424 | ====> Test set loss: -36044.9492
2018-11-14 13:05:33,572 | Train Epoch: 24 [0/50000 (0%)]	Loss: -36779.800781
2018-11-14 13:05:47,813 | Train Epoch: 24 [25600/50000 (51%)]	Loss: -35442.441406
2018-11-14 13:06:01,337 | ====> Epoch: 24 Average loss: -37038.6523
2018-11-14 13:06:01,448 | Test Epoch: 24 [0/10000 (0%)]	Loss: -37885.562500
2018-11-14 13:06:04,367 | ====> Test set loss: -37823.7617
2018-11-14 13:06:04,517 | Train Epoch: 25 [0/50000 (0%)]	Loss: -37777.140625
2018-11-14 13:06:18,914 | Train Epoch: 25 [25600/50000 (51%)]	Loss: -34847.363281
2018-11-14 13:06:32,426 | ====> Epoch: 25 Average loss: -37387.0703
2018-11-14 13:06:32,537 | Test Epoch: 25 [0/10000 (0%)]	Loss: -37737.476562
2018-11-14 13:06:35,467 | ====> Test set loss: -36790.9922
2018-11-14 13:06:35,618 | Train Epoch: 26 [0/50000 (0%)]	Loss: -38885.003906
2018-11-14 13:06:50,167 | Train Epoch: 26 [25600/50000 (51%)]	Loss: -36501.132812
2018-11-14 13:07:04,524 | ====> Epoch: 26 Average loss: -37630.5117
2018-11-14 13:07:04,636 | Test Epoch: 26 [0/10000 (0%)]	Loss: -32658.767578
2018-11-14 13:07:07,648 | ====> Test set loss: -36484.3203
2018-11-14 13:07:07,800 | Train Epoch: 27 [0/50000 (0%)]	Loss: -35832.515625
2018-11-14 13:07:23,130 | Train Epoch: 27 [25600/50000 (51%)]	Loss: -37181.128906
2018-11-14 13:07:37,788 | ====> Epoch: 27 Average loss: -37873.4453
2018-11-14 13:07:37,911 | Test Epoch: 27 [0/10000 (0%)]	Loss: -39942.359375
2018-11-14 13:07:41,972 | ====> Test set loss: -37007.2305
2018-11-14 13:07:42,216 | Train Epoch: 28 [0/50000 (0%)]	Loss: -39890.402344
2018-11-14 13:07:59,865 | Train Epoch: 28 [25600/50000 (51%)]	Loss: -38251.074219
2018-11-14 13:08:14,405 | ====> Epoch: 28 Average loss: -38119.7109
2018-11-14 13:08:14,544 | Test Epoch: 28 [0/10000 (0%)]	Loss: -36714.652344
2018-11-14 13:08:17,918 | ====> Test set loss: -37929.3086
2018-11-14 13:08:18,075 | Train Epoch: 29 [0/50000 (0%)]	Loss: -38314.128906
2018-11-14 13:08:32,980 | Train Epoch: 29 [25600/50000 (51%)]	Loss: -36827.542969
2018-11-14 13:08:47,077 | ====> Epoch: 29 Average loss: -38312.4219
2018-11-14 13:08:47,188 | Test Epoch: 29 [0/10000 (0%)]	Loss: -35192.089844
2018-11-14 13:08:50,193 | ====> Test set loss: -37825.2617
2018-11-14 13:08:50,363 | Train Epoch: 30 [0/50000 (0%)]	Loss: -42040.109375
2018-11-14 13:09:05,404 | Train Epoch: 30 [25600/50000 (51%)]	Loss: -35035.988281
2018-11-14 13:09:20,063 | ====> Epoch: 30 Average loss: -38522.6484
2018-11-14 13:09:20,172 | Test Epoch: 30 [0/10000 (0%)]	Loss: -35805.660156
2018-11-14 13:09:23,118 | ====> Test set loss: -38216.7148
2018-11-14 13:09:23,276 | Train Epoch: 31 [0/50000 (0%)]	Loss: -35989.332031
2018-11-14 13:09:38,729 | Train Epoch: 31 [25600/50000 (51%)]	Loss: -39653.394531
2018-11-14 13:09:54,160 | ====> Epoch: 31 Average loss: -38726.4531
2018-11-14 13:09:54,282 | Test Epoch: 31 [0/10000 (0%)]	Loss: -40294.218750
2018-11-14 13:09:58,009 | ====> Test set loss: -38554.6289
2018-11-14 13:09:58,182 | Train Epoch: 32 [0/50000 (0%)]	Loss: -41180.507812
2018-11-14 13:10:13,505 | Train Epoch: 32 [25600/50000 (51%)]	Loss: -36109.093750
2018-11-14 13:10:27,643 | ====> Epoch: 32 Average loss: -38894.8320
2018-11-14 13:10:27,757 | Test Epoch: 32 [0/10000 (0%)]	Loss: -38135.171875
2018-11-14 13:10:30,718 | ====> Test set loss: -38298.9297
2018-11-14 13:10:30,873 | Train Epoch: 33 [0/50000 (0%)]	Loss: -38021.007812
2018-11-14 13:10:45,768 | Train Epoch: 33 [25600/50000 (51%)]	Loss: -36690.148438
2018-11-14 13:10:59,804 | ====> Epoch: 33 Average loss: -39060.7891
2018-11-14 13:10:59,908 | Test Epoch: 33 [0/10000 (0%)]	Loss: -38480.570312
2018-11-14 13:11:02,855 | ====> Test set loss: -38671.8789
2018-11-14 13:11:03,011 | Train Epoch: 34 [0/50000 (0%)]	Loss: -39735.976562
2018-11-14 13:11:17,955 | Train Epoch: 34 [25600/50000 (51%)]	Loss: -40592.902344
2018-11-14 13:11:32,102 | ====> Epoch: 34 Average loss: -39215.4102
2018-11-14 13:11:32,215 | Test Epoch: 34 [0/10000 (0%)]	Loss: -35994.386719
2018-11-14 13:11:35,168 | ====> Test set loss: -38772.6797
2018-11-14 13:11:35,331 | Train Epoch: 35 [0/50000 (0%)]	Loss: -39841.574219
2018-11-14 13:11:50,722 | Train Epoch: 35 [25600/50000 (51%)]	Loss: -42147.519531
2018-11-14 13:12:05,363 | ====> Epoch: 35 Average loss: -39369.8477
2018-11-14 13:12:05,464 | Test Epoch: 35 [0/10000 (0%)]	Loss: -38404.664062
2018-11-14 13:12:08,524 | ====> Test set loss: -38589.9844
2018-11-14 13:12:08,686 | Train Epoch: 36 [0/50000 (0%)]	Loss: -38936.144531
2018-11-14 13:12:26,185 | Train Epoch: 36 [25600/50000 (51%)]	Loss: -39739.562500
2018-11-14 13:12:41,733 | ====> Epoch: 36 Average loss: -39478.7695
2018-11-14 13:12:41,866 | Test Epoch: 36 [0/10000 (0%)]	Loss: -35886.683594
2018-11-14 13:12:46,258 | ====> Test set loss: -39056.0586
2018-11-14 13:12:46,519 | Train Epoch: 37 [0/50000 (0%)]	Loss: -36219.718750
2018-11-14 13:13:02,683 | Train Epoch: 37 [25600/50000 (51%)]	Loss: -36865.835938
2018-11-14 13:13:18,261 | ====> Epoch: 37 Average loss: -39620.4961
2018-11-14 13:13:18,370 | Test Epoch: 37 [0/10000 (0%)]	Loss: -38702.656250
2018-11-14 13:13:21,522 | ====> Test set loss: -39250.9297
2018-11-14 13:13:21,690 | Train Epoch: 38 [0/50000 (0%)]	Loss: -38448.339844
2018-11-14 13:13:37,395 | Train Epoch: 38 [25600/50000 (51%)]	Loss: -39061.335938
2018-11-14 13:13:52,370 | ====> Epoch: 38 Average loss: -39724.4453
2018-11-14 13:13:52,478 | Test Epoch: 38 [0/10000 (0%)]	Loss: -40058.898438
2018-11-14 13:13:55,442 | ====> Test set loss: -38991.4258
2018-11-14 13:13:55,601 | Train Epoch: 39 [0/50000 (0%)]	Loss: -40304.390625
2018-11-14 13:14:11,227 | Train Epoch: 39 [25600/50000 (51%)]	Loss: -42824.597656
2018-11-14 13:14:26,264 | ====> Epoch: 39 Average loss: -39843.2734
2018-11-14 13:14:26,380 | Test Epoch: 39 [0/10000 (0%)]	Loss: -36841.324219
2018-11-14 13:14:29,497 | ====> Test set loss: -39052.1133
2018-11-14 13:14:29,664 | Train Epoch: 40 [0/50000 (0%)]	Loss: -40716.300781
2018-11-14 13:14:45,475 | Train Epoch: 40 [25600/50000 (51%)]	Loss: -37928.199219
2018-11-14 13:15:00,824 | ====> Epoch: 40 Average loss: -39953.8516
2018-11-14 13:15:00,938 | Test Epoch: 40 [0/10000 (0%)]	Loss: -37749.058594
2018-11-14 13:15:04,022 | ====> Test set loss: -39956.6211
2018-11-14 13:15:04,182 | Train Epoch: 41 [0/50000 (0%)]	Loss: -39918.285156
2018-11-14 13:15:19,924 | Train Epoch: 41 [25600/50000 (51%)]	Loss: -41112.605469
2018-11-14 13:15:35,903 | ====> Epoch: 41 Average loss: -40054.7734
2018-11-14 13:15:36,013 | Test Epoch: 41 [0/10000 (0%)]	Loss: -41446.742188
2018-11-14 13:15:39,031 | ====> Test set loss: -39844.4375
2018-11-14 13:15:39,185 | Train Epoch: 42 [0/50000 (0%)]	Loss: -37687.480469
2018-11-14 13:15:54,662 | Train Epoch: 42 [25600/50000 (51%)]	Loss: -40313.308594
2018-11-14 13:16:09,474 | ====> Epoch: 42 Average loss: -40129.1758
2018-11-14 13:16:09,589 | Test Epoch: 42 [0/10000 (0%)]	Loss: -38459.343750
2018-11-14 13:16:12,900 | ====> Test set loss: -39107.1836
2018-11-14 13:16:13,058 | Train Epoch: 43 [0/50000 (0%)]	Loss: -42200.496094
2018-11-14 13:16:29,061 | Train Epoch: 43 [25600/50000 (51%)]	Loss: -38430.703125
2018-11-14 13:16:44,372 | ====> Epoch: 43 Average loss: -40224.6016
2018-11-14 13:16:44,488 | Test Epoch: 43 [0/10000 (0%)]	Loss: -40053.355469
2018-11-14 13:16:47,791 | ====> Test set loss: -39538.0898
2018-11-14 13:16:47,960 | Train Epoch: 44 [0/50000 (0%)]	Loss: -40706.554688
2018-11-14 13:17:04,132 | Train Epoch: 44 [25600/50000 (51%)]	Loss: -40520.441406
2018-11-14 13:17:20,405 | ====> Epoch: 44 Average loss: -40303.5898
2018-11-14 13:17:20,524 | Test Epoch: 44 [0/10000 (0%)]	Loss: -40739.585938
2018-11-14 13:17:24,321 | ====> Test set loss: -39700.5078
2018-11-14 13:17:24,507 | Train Epoch: 45 [0/50000 (0%)]	Loss: -39860.042969
2018-11-14 13:17:40,770 | Train Epoch: 45 [25600/50000 (51%)]	Loss: -41914.382812
2018-11-14 13:17:55,981 | ====> Epoch: 45 Average loss: -40384.0781
2018-11-14 13:17:56,102 | Test Epoch: 45 [0/10000 (0%)]	Loss: -41800.710938
2018-11-14 13:17:59,289 | ====> Test set loss: -40231.7773
2018-11-14 13:17:59,458 | Train Epoch: 46 [0/50000 (0%)]	Loss: -41084.605469
2018-11-14 13:18:16,815 | Train Epoch: 46 [25600/50000 (51%)]	Loss: -40142.589844
2018-11-14 13:18:32,180 | ====> Epoch: 46 Average loss: -40472.0391
2018-11-14 13:18:32,313 | Test Epoch: 46 [0/10000 (0%)]	Loss: -40357.695312
2018-11-14 13:18:35,614 | ====> Test set loss: -40060.8359
2018-11-14 13:18:35,810 | Train Epoch: 47 [0/50000 (0%)]	Loss: -40034.390625
2018-11-14 13:18:54,915 | Train Epoch: 47 [25600/50000 (51%)]	Loss: -38595.140625
2018-11-14 13:19:10,177 | ====> Epoch: 47 Average loss: -40545.2891
2018-11-14 13:19:10,296 | Test Epoch: 47 [0/10000 (0%)]	Loss: -41171.406250
2018-11-14 13:19:13,446 | ====> Test set loss: -39897.1289
2018-11-14 13:19:13,602 | Train Epoch: 48 [0/50000 (0%)]	Loss: -40606.261719
2018-11-14 13:19:29,281 | Train Epoch: 48 [25600/50000 (51%)]	Loss: -39532.976562
2018-11-14 13:19:44,623 | ====> Epoch: 48 Average loss: -40623.5234
2018-11-14 13:19:44,746 | Test Epoch: 48 [0/10000 (0%)]	Loss: -36126.468750
2018-11-14 13:19:48,170 | ====> Test set loss: -39666.3281
2018-11-14 13:19:48,325 | Train Epoch: 49 [0/50000 (0%)]	Loss: -39901.289062
2018-11-14 13:20:04,256 | Train Epoch: 49 [25600/50000 (51%)]	Loss: -40778.121094
2018-11-14 13:20:19,696 | ====> Epoch: 49 Average loss: -40700.8164
2018-11-14 13:20:19,805 | Test Epoch: 49 [0/10000 (0%)]	Loss: -39205.714844
2018-11-14 13:20:22,724 | ====> Test set loss: -39776.6758
2018-11-14 13:20:22,883 | Train Epoch: 50 [0/50000 (0%)]	Loss: -41210.648438
2018-11-14 13:20:39,347 | Train Epoch: 50 [25600/50000 (51%)]	Loss: -40193.800781
2018-11-14 13:20:59,825 | ====> Epoch: 50 Average loss: -40745.7148
2018-11-14 13:20:59,936 | Test Epoch: 50 [0/10000 (0%)]	Loss: -41974.835938
2018-11-14 13:21:04,856 | ====> Test set loss: -40183.1719
2018-11-14 13:21:05,106 | Train Epoch: 51 [0/50000 (0%)]	Loss: -41412.062500
2018-11-14 13:21:22,982 | Train Epoch: 51 [25600/50000 (51%)]	Loss: -38935.980469
2018-11-14 13:21:40,174 | ====> Epoch: 51 Average loss: -40814.0039
2018-11-14 13:21:40,319 | Test Epoch: 51 [0/10000 (0%)]	Loss: -37004.871094
2018-11-14 13:21:44,324 | ====> Test set loss: -40568.3555
2018-11-14 13:21:44,523 | Train Epoch: 52 [0/50000 (0%)]	Loss: -42611.203125
2018-11-14 13:22:02,756 | Train Epoch: 52 [25600/50000 (51%)]	Loss: -42056.757812
2018-11-14 13:22:19,889 | ====> Epoch: 52 Average loss: -40873.1211
2018-11-14 13:22:20,006 | Test Epoch: 52 [0/10000 (0%)]	Loss: -37948.597656
2018-11-14 13:22:23,655 | ====> Test set loss: -40291.2227
2018-11-14 13:22:23,840 | Train Epoch: 53 [0/50000 (0%)]	Loss: -35580.007812
2018-11-14 13:22:41,080 | Train Epoch: 53 [25600/50000 (51%)]	Loss: -39950.851562
2018-11-14 13:22:58,587 | ====> Epoch: 53 Average loss: -40917.0977
2018-11-14 13:22:58,723 | Test Epoch: 53 [0/10000 (0%)]	Loss: -39514.257812
2018-11-14 13:23:02,731 | ====> Test set loss: -40262.9297
2018-11-14 13:23:02,918 | Train Epoch: 54 [0/50000 (0%)]	Loss: -43521.214844
2018-11-14 13:23:20,466 | Train Epoch: 54 [25600/50000 (51%)]	Loss: -42683.871094
2018-11-14 13:23:37,115 | ====> Epoch: 54 Average loss: -40989.1289
2018-11-14 13:23:37,229 | Test Epoch: 54 [0/10000 (0%)]	Loss: -39054.105469
2018-11-14 13:23:40,872 | ====> Test set loss: -40090.2578
2018-11-14 13:23:41,077 | Train Epoch: 55 [0/50000 (0%)]	Loss: -41154.570312
2018-11-14 13:23:58,003 | Train Epoch: 55 [25600/50000 (51%)]	Loss: -43461.425781
2018-11-14 13:24:14,909 | ====> Epoch: 55 Average loss: -41040.3320
2018-11-14 13:24:15,035 | Test Epoch: 55 [0/10000 (0%)]	Loss: -42118.183594
2018-11-14 13:24:18,508 | ====> Test set loss: -40044.8164
2018-11-14 13:24:18,698 | Train Epoch: 56 [0/50000 (0%)]	Loss: -41479.699219
2018-11-14 13:24:36,522 | Train Epoch: 56 [25600/50000 (51%)]	Loss: -39698.406250
2018-11-14 13:24:53,074 | ====> Epoch: 56 Average loss: -41100.0000
2018-11-14 13:24:53,203 | Test Epoch: 56 [0/10000 (0%)]	Loss: -41050.148438
2018-11-14 13:24:56,750 | ====> Test set loss: -40168.1016
2018-11-14 13:24:56,932 | Train Epoch: 57 [0/50000 (0%)]	Loss: -43647.300781
2018-11-14 13:25:14,171 | Train Epoch: 57 [25600/50000 (51%)]	Loss: -41970.320312
2018-11-14 13:25:31,972 | ====> Epoch: 57 Average loss: -41142.3086
2018-11-14 13:25:32,102 | Test Epoch: 57 [0/10000 (0%)]	Loss: -40372.234375
2018-11-14 13:25:35,651 | ====> Test set loss: -40338.0312
2018-11-14 13:25:35,835 | Train Epoch: 58 [0/50000 (0%)]	Loss: -38029.273438
2018-11-14 13:25:53,220 | Train Epoch: 58 [25600/50000 (51%)]	Loss: -40823.250000
2018-11-14 13:26:09,907 | ====> Epoch: 58 Average loss: -41189.7109
2018-11-14 13:26:10,025 | Test Epoch: 58 [0/10000 (0%)]	Loss: -38287.648438
2018-11-14 13:26:13,364 | ====> Test set loss: -40313.3008
2018-11-14 13:26:13,546 | Train Epoch: 59 [0/50000 (0%)]	Loss: -43356.707031
2018-11-14 13:26:31,006 | Train Epoch: 59 [25600/50000 (51%)]	Loss: -42940.253906
2018-11-14 13:26:47,711 | ====> Epoch: 59 Average loss: -41236.7188
2018-11-14 13:26:47,834 | Test Epoch: 59 [0/10000 (0%)]	Loss: -40703.296875
2018-11-14 13:26:51,224 | ====> Test set loss: -40607.9062
2018-11-14 13:26:51,406 | Train Epoch: 60 [0/50000 (0%)]	Loss: -41099.246094
2018-11-14 13:27:09,098 | Train Epoch: 60 [25600/50000 (51%)]	Loss: -41366.355469
2018-11-14 13:27:25,517 | ====> Epoch: 60 Average loss: -41283.9219
2018-11-14 13:27:25,643 | Test Epoch: 60 [0/10000 (0%)]	Loss: -40533.707031
2018-11-14 13:27:28,979 | ====> Test set loss: -40736.2227
2018-11-14 13:27:29,166 | Train Epoch: 61 [0/50000 (0%)]	Loss: -44089.507812
2018-11-14 13:27:46,734 | Train Epoch: 61 [25600/50000 (51%)]	Loss: -42219.769531
2018-11-14 13:28:04,372 | ====> Epoch: 61 Average loss: -41322.0508
2018-11-14 13:28:04,494 | Test Epoch: 61 [0/10000 (0%)]	Loss: -40892.269531
2018-11-14 13:28:07,737 | ====> Test set loss: -40969.4375
2018-11-14 13:28:07,915 | Train Epoch: 62 [0/50000 (0%)]	Loss: -41094.769531
2018-11-14 13:28:25,218 | Train Epoch: 62 [25600/50000 (51%)]	Loss: -42006.085938
2018-11-14 13:28:41,826 | ====> Epoch: 62 Average loss: -41377.8828
2018-11-14 13:28:41,948 | Test Epoch: 62 [0/10000 (0%)]	Loss: -38383.621094
2018-11-14 13:28:45,236 | ====> Test set loss: -40673.2617
2018-11-14 13:28:45,425 | Train Epoch: 63 [0/50000 (0%)]	Loss: -41175.546875
2018-11-14 13:29:02,844 | Train Epoch: 63 [25600/50000 (51%)]	Loss: -40103.730469
2018-11-14 13:29:19,623 | ====> Epoch: 63 Average loss: -41411.8203
2018-11-14 13:29:19,742 | Test Epoch: 63 [0/10000 (0%)]	Loss: -40890.582031
2018-11-14 13:29:23,085 | ====> Test set loss: -41042.5234
2018-11-14 13:29:23,277 | Train Epoch: 64 [0/50000 (0%)]	Loss: -44909.546875
2018-11-14 13:29:40,971 | Train Epoch: 64 [25600/50000 (51%)]	Loss: -42043.003906
2018-11-14 13:29:57,558 | ====> Epoch: 64 Average loss: -41446.4102
2018-11-14 13:29:57,681 | Test Epoch: 64 [0/10000 (0%)]	Loss: -41092.367188
2018-11-14 13:30:01,052 | ====> Test set loss: -40318.1172
2018-11-14 13:30:01,236 | Train Epoch: 65 [0/50000 (0%)]	Loss: -42278.179688
2018-11-14 13:30:18,766 | Train Epoch: 65 [25600/50000 (51%)]	Loss: -43885.460938
2018-11-14 13:30:35,604 | ====> Epoch: 65 Average loss: -41488.0391
2018-11-14 13:30:35,729 | Test Epoch: 65 [0/10000 (0%)]	Loss: -42453.332031
2018-11-14 13:30:39,160 | ====> Test set loss: -40742.5312
2018-11-14 13:30:39,354 | Train Epoch: 66 [0/50000 (0%)]	Loss: -40589.449219
2018-11-14 13:30:57,855 | Train Epoch: 66 [25600/50000 (51%)]	Loss: -41750.902344
2018-11-14 13:31:14,663 | ====> Epoch: 66 Average loss: -41533.5312
2018-11-14 13:31:14,793 | Test Epoch: 66 [0/10000 (0%)]	Loss: -38959.816406
2018-11-14 13:31:18,541 | ====> Test set loss: -40784.0781
2018-11-14 13:31:18,727 | Train Epoch: 67 [0/50000 (0%)]	Loss: -41472.109375
2018-11-14 13:31:36,607 | Train Epoch: 67 [25600/50000 (51%)]	Loss: -42960.996094
2018-11-14 13:31:53,550 | ====> Epoch: 67 Average loss: -41560.0273
2018-11-14 13:31:53,676 | Test Epoch: 67 [0/10000 (0%)]	Loss: -38088.468750
2018-11-14 13:31:57,219 | ====> Test set loss: -40997.2344
2018-11-14 13:31:57,418 | Train Epoch: 68 [0/50000 (0%)]	Loss: -40730.667969
2018-11-14 13:32:15,186 | Train Epoch: 68 [25600/50000 (51%)]	Loss: -39798.890625
2018-11-14 13:32:32,493 | ====> Epoch: 68 Average loss: -41587.6367
2018-11-14 13:32:32,623 | Test Epoch: 68 [0/10000 (0%)]	Loss: -40443.984375
2018-11-14 13:32:37,044 | ====> Test set loss: -40697.4258
2018-11-14 13:32:37,239 | Train Epoch: 69 [0/50000 (0%)]	Loss: -42149.433594
2018-11-14 13:32:55,048 | Train Epoch: 69 [25600/50000 (51%)]	Loss: -42713.792969
2018-11-14 13:33:11,626 | ====> Epoch: 69 Average loss: -41637.5898
2018-11-14 13:33:11,749 | Test Epoch: 69 [0/10000 (0%)]	Loss: -40142.667969
2018-11-14 13:33:15,072 | ====> Test set loss: -41233.7305
2018-11-14 13:33:15,257 | Train Epoch: 70 [0/50000 (0%)]	Loss: -43239.285156
2018-11-14 13:33:33,579 | Train Epoch: 70 [25600/50000 (51%)]	Loss: -41009.085938
2018-11-14 13:33:50,518 | ====> Epoch: 70 Average loss: -41664.8945
2018-11-14 13:33:50,653 | Test Epoch: 70 [0/10000 (0%)]	Loss: -40515.292969
2018-11-14 13:33:54,337 | ====> Test set loss: -41236.4688
2018-11-14 13:33:54,528 | Train Epoch: 71 [0/50000 (0%)]	Loss: -42282.339844
2018-11-14 13:34:12,430 | Train Epoch: 71 [25600/50000 (51%)]	Loss: -39642.039062
2018-11-14 13:34:29,278 | ====> Epoch: 71 Average loss: -41684.9531
2018-11-14 13:34:29,419 | Test Epoch: 71 [0/10000 (0%)]	Loss: -44108.113281
2018-11-14 13:34:33,084 | ====> Test set loss: -40799.7227
2018-11-14 13:34:33,271 | Train Epoch: 72 [0/50000 (0%)]	Loss: -40595.601562
2018-11-14 13:34:50,735 | Train Epoch: 72 [25600/50000 (51%)]	Loss: -39738.308594
2018-11-14 13:35:07,233 | ====> Epoch: 72 Average loss: -41726.2969
2018-11-14 13:35:07,356 | Test Epoch: 72 [0/10000 (0%)]	Loss: -41304.515625
2018-11-14 13:35:10,680 | ====> Test set loss: -41081.4375
2018-11-14 13:35:10,865 | Train Epoch: 73 [0/50000 (0%)]	Loss: -41499.363281
2018-11-14 13:35:28,650 | Train Epoch: 73 [25600/50000 (51%)]	Loss: -42599.925781
2018-11-14 13:35:45,129 | ====> Epoch: 73 Average loss: -41748.9961
2018-11-14 13:35:45,253 | Test Epoch: 73 [0/10000 (0%)]	Loss: -37915.210938
2018-11-14 13:35:48,895 | ====> Test set loss: -40653.8711
2018-11-14 13:35:49,107 | Train Epoch: 74 [0/50000 (0%)]	Loss: -43452.335938
2018-11-14 13:36:07,474 | Train Epoch: 74 [25600/50000 (51%)]	Loss: -38809.660156
2018-11-14 13:36:25,248 | ====> Epoch: 74 Average loss: -41776.8867
2018-11-14 13:36:25,385 | Test Epoch: 74 [0/10000 (0%)]	Loss: -42822.316406
2018-11-14 13:36:29,168 | ====> Test set loss: -40932.4844
2018-11-14 13:36:29,374 | Train Epoch: 75 [0/50000 (0%)]	Loss: -42291.394531
2018-11-14 13:36:46,873 | Train Epoch: 75 [25600/50000 (51%)]	Loss: -41153.332031
2018-11-14 13:37:03,525 | ====> Epoch: 75 Average loss: -41799.4570
2018-11-14 13:37:03,648 | Test Epoch: 75 [0/10000 (0%)]	Loss: -43258.363281
2018-11-14 13:37:07,014 | ====> Test set loss: -41092.8242
2018-11-14 13:37:07,200 | Train Epoch: 76 [0/50000 (0%)]	Loss: -40770.738281
2018-11-14 13:37:24,813 | Train Epoch: 76 [25600/50000 (51%)]	Loss: -43274.886719
2018-11-14 13:37:41,928 | ====> Epoch: 76 Average loss: -41831.2891
2018-11-14 13:37:42,063 | Test Epoch: 76 [0/10000 (0%)]	Loss: -40158.574219
2018-11-14 13:37:45,489 | ====> Test set loss: -41254.0586
2018-11-14 13:37:45,672 | Train Epoch: 77 [0/50000 (0%)]	Loss: -42194.687500
2018-11-14 13:38:03,563 | Train Epoch: 77 [25600/50000 (51%)]	Loss: -38469.351562
2018-11-14 13:38:20,365 | ====> Epoch: 77 Average loss: -41864.0430
2018-11-14 13:38:20,480 | Test Epoch: 77 [0/10000 (0%)]	Loss: -40348.554688
2018-11-14 13:38:23,996 | ====> Test set loss: -41065.4062
2018-11-14 13:38:24,184 | Train Epoch: 78 [0/50000 (0%)]	Loss: -41779.527344
2018-11-14 13:38:42,308 | Train Epoch: 78 [25600/50000 (51%)]	Loss: -41310.523438
2018-11-14 13:38:58,909 | ====> Epoch: 78 Average loss: -41883.5977
2018-11-14 13:38:59,034 | Test Epoch: 78 [0/10000 (0%)]	Loss: -38468.351562
2018-11-14 13:39:02,452 | ====> Test set loss: -41059.9219
2018-11-14 13:39:02,646 | Train Epoch: 79 [0/50000 (0%)]	Loss: -39074.800781
2018-11-14 13:39:20,644 | Train Epoch: 79 [25600/50000 (51%)]	Loss: -40117.558594
2018-11-14 13:39:37,860 | ====> Epoch: 79 Average loss: -41909.1797
2018-11-14 13:39:37,987 | Test Epoch: 79 [0/10000 (0%)]	Loss: -38760.738281
2018-11-14 13:39:41,769 | ====> Test set loss: -40986.0273
2018-11-14 13:39:41,968 | Train Epoch: 80 [0/50000 (0%)]	Loss: -43243.066406
2018-11-14 13:39:59,721 | Train Epoch: 80 [25600/50000 (51%)]	Loss: -42840.421875
2018-11-14 13:40:17,124 | ====> Epoch: 80 Average loss: -41934.9922
2018-11-14 13:40:17,242 | Test Epoch: 80 [0/10000 (0%)]	Loss: -40701.355469
2018-11-14 13:40:20,764 | ====> Test set loss: -41260.6641
2018-11-14 13:40:20,947 | Train Epoch: 81 [0/50000 (0%)]	Loss: -40802.093750
2018-11-14 13:40:39,512 | Train Epoch: 81 [25600/50000 (51%)]	Loss: -44663.527344
2018-11-14 13:40:56,857 | ====> Epoch: 81 Average loss: -41957.5352
2018-11-14 13:40:56,988 | Test Epoch: 81 [0/10000 (0%)]	Loss: -45032.203125
2018-11-14 13:41:00,588 | ====> Test set loss: -41083.7852
2018-11-14 13:41:00,774 | Train Epoch: 82 [0/50000 (0%)]	Loss: -44030.082031
2018-11-14 13:41:19,628 | Train Epoch: 82 [25600/50000 (51%)]	Loss: -40580.351562
2018-11-14 13:41:37,017 | ====> Epoch: 82 Average loss: -41986.0742
2018-11-14 13:41:37,133 | Test Epoch: 82 [0/10000 (0%)]	Loss: -43219.527344
2018-11-14 13:41:40,497 | ====> Test set loss: -41458.1523
2018-11-14 13:41:40,692 | Train Epoch: 83 [0/50000 (0%)]	Loss: -39933.492188
2018-11-14 13:41:58,966 | Train Epoch: 83 [25600/50000 (51%)]	Loss: -42250.320312
2018-11-14 13:42:15,926 | ====> Epoch: 83 Average loss: -42007.7734
2018-11-14 13:42:16,046 | Test Epoch: 83 [0/10000 (0%)]	Loss: -41096.003906
2018-11-14 13:42:19,418 | ====> Test set loss: -41362.8125
2018-11-14 13:42:19,602 | Train Epoch: 84 [0/50000 (0%)]	Loss: -42400.035156
2018-11-14 13:42:37,902 | Train Epoch: 84 [25600/50000 (51%)]	Loss: -40188.050781
2018-11-14 13:42:54,721 | ====> Epoch: 84 Average loss: -42028.3438
2018-11-14 13:42:54,846 | Test Epoch: 84 [0/10000 (0%)]	Loss: -40800.527344
2018-11-14 13:42:58,526 | ====> Test set loss: -41190.2578
2018-11-14 13:42:58,727 | Train Epoch: 85 [0/50000 (0%)]	Loss: -41881.941406
2018-11-14 13:43:16,812 | Train Epoch: 85 [25600/50000 (51%)]	Loss: -40296.355469
2018-11-14 13:43:34,245 | ====> Epoch: 85 Average loss: -42046.9492
2018-11-14 13:43:34,372 | Test Epoch: 85 [0/10000 (0%)]	Loss: -41876.437500
2018-11-14 13:43:38,159 | ====> Test set loss: -41657.6875
2018-11-14 13:43:38,365 | Train Epoch: 86 [0/50000 (0%)]	Loss: -43521.718750
2018-11-14 13:43:56,141 | Train Epoch: 86 [25600/50000 (51%)]	Loss: -43568.000000
2018-11-14 13:44:13,208 | ====> Epoch: 86 Average loss: -42067.8750
2018-11-14 13:44:13,330 | Test Epoch: 86 [0/10000 (0%)]	Loss: -42949.757812
2018-11-14 13:44:16,662 | ====> Test set loss: -41665.3945
2018-11-14 13:44:16,847 | Train Epoch: 87 [0/50000 (0%)]	Loss: -40456.363281
2018-11-14 13:44:34,737 | Train Epoch: 87 [25600/50000 (51%)]	Loss: -39160.437500
2018-11-14 13:44:51,347 | ====> Epoch: 87 Average loss: -42090.2031
2018-11-14 13:44:51,466 | Test Epoch: 87 [0/10000 (0%)]	Loss: -40697.367188
2018-11-14 13:44:54,839 | ====> Test set loss: -41296.2539
2018-11-14 13:44:55,028 | Train Epoch: 88 [0/50000 (0%)]	Loss: -42449.476562
2018-11-14 13:45:12,788 | Train Epoch: 88 [25600/50000 (51%)]	Loss: -38117.828125
2018-11-14 13:45:30,096 | ====> Epoch: 88 Average loss: -42112.4453
2018-11-14 13:45:30,242 | Test Epoch: 88 [0/10000 (0%)]	Loss: -38705.992188
2018-11-14 13:45:33,916 | ====> Test set loss: -41300.3633
2018-11-14 13:45:34,110 | Train Epoch: 89 [0/50000 (0%)]	Loss: -43708.257812
2018-11-14 13:45:52,001 | Train Epoch: 89 [25600/50000 (51%)]	Loss: -42244.550781
2018-11-14 13:46:09,058 | ====> Epoch: 89 Average loss: -42122.5977
2018-11-14 13:46:09,181 | Test Epoch: 89 [0/10000 (0%)]	Loss: -39243.449219
2018-11-14 13:46:12,542 | ====> Test set loss: -41191.4922
2018-11-14 13:46:12,729 | Train Epoch: 90 [0/50000 (0%)]	Loss: -39924.660156
2018-11-14 13:46:30,516 | Train Epoch: 90 [25600/50000 (51%)]	Loss: -40890.316406
2018-11-14 13:46:47,654 | ====> Epoch: 90 Average loss: -42146.9883
2018-11-14 13:46:47,785 | Test Epoch: 90 [0/10000 (0%)]	Loss: -42709.808594
2018-11-14 13:46:51,359 | ====> Test set loss: -41626.6797
2018-11-14 13:46:51,564 | Train Epoch: 91 [0/50000 (0%)]	Loss: -42784.054688
2018-11-14 13:47:10,531 | Train Epoch: 91 [25600/50000 (51%)]	Loss: -43370.742188
2018-11-14 13:47:28,307 | ====> Epoch: 91 Average loss: -42176.3164
2018-11-14 13:47:28,443 | Test Epoch: 91 [0/10000 (0%)]	Loss: -40846.507812
2018-11-14 13:47:32,402 | ====> Test set loss: -41437.6367
2018-11-14 13:47:32,617 | Train Epoch: 92 [0/50000 (0%)]	Loss: -40101.308594
2018-11-14 13:47:52,185 | Train Epoch: 92 [25600/50000 (51%)]	Loss: -38766.933594
2018-11-14 13:48:09,704 | ====> Epoch: 92 Average loss: -42188.0547
2018-11-14 13:48:09,826 | Test Epoch: 92 [0/10000 (0%)]	Loss: -39853.945312
2018-11-14 13:48:13,330 | ====> Test set loss: -41476.2656
2018-11-14 13:48:13,524 | Train Epoch: 93 [0/50000 (0%)]	Loss: -42294.621094
2018-11-14 13:48:31,424 | Train Epoch: 93 [25600/50000 (51%)]	Loss: -44923.648438
2018-11-14 13:48:48,253 | ====> Epoch: 93 Average loss: -42203.2266
2018-11-14 13:48:48,376 | Test Epoch: 93 [0/10000 (0%)]	Loss: -42165.031250
2018-11-14 13:48:51,856 | ====> Test set loss: -41453.5742
2018-11-14 13:48:52,076 | Train Epoch: 94 [0/50000 (0%)]	Loss: -39265.785156
2018-11-14 13:49:10,448 | Train Epoch: 94 [25600/50000 (51%)]	Loss: -42435.902344
2018-11-14 13:49:27,185 | ====> Epoch: 94 Average loss: -42223.1445
2018-11-14 13:49:27,304 | Test Epoch: 94 [0/10000 (0%)]	Loss: -41170.906250
2018-11-14 13:49:30,667 | ====> Test set loss: -41240.7695
2018-11-14 13:49:30,853 | Train Epoch: 95 [0/50000 (0%)]	Loss: -40571.441406
2018-11-14 13:49:49,479 | Train Epoch: 95 [25600/50000 (51%)]	Loss: -39275.632812
2018-11-14 13:50:06,806 | ====> Epoch: 95 Average loss: -42239.7070
2018-11-14 13:50:06,950 | Test Epoch: 95 [0/10000 (0%)]	Loss: -38077.187500
2018-11-14 13:50:10,449 | ====> Test set loss: -41299.2461
2018-11-14 13:50:10,641 | Train Epoch: 96 [0/50000 (0%)]	Loss: -43284.156250
2018-11-14 13:50:28,682 | Train Epoch: 96 [25600/50000 (51%)]	Loss: -43111.804688
2018-11-14 13:50:46,031 | ====> Epoch: 96 Average loss: -42253.4102
2018-11-14 13:50:46,154 | Test Epoch: 96 [0/10000 (0%)]	Loss: -43249.113281
2018-11-14 13:50:49,520 | ====> Test set loss: -41696.3398
2018-11-14 13:50:49,704 | Train Epoch: 97 [0/50000 (0%)]	Loss: -42662.890625
2018-11-14 13:51:08,482 | Train Epoch: 97 [25600/50000 (51%)]	Loss: -41984.027344
2018-11-14 13:51:25,830 | ====> Epoch: 97 Average loss: -42269.7617
2018-11-14 13:51:25,956 | Test Epoch: 97 [0/10000 (0%)]	Loss: -39128.718750
2018-11-14 13:51:29,533 | ====> Test set loss: -41434.9141
2018-11-14 13:51:29,711 | Train Epoch: 98 [0/50000 (0%)]	Loss: -40336.070312
2018-11-14 13:51:47,897 | Train Epoch: 98 [25600/50000 (51%)]	Loss: -42729.484375
2018-11-14 13:52:05,216 | ====> Epoch: 98 Average loss: -42281.9336
2018-11-14 13:52:05,337 | Test Epoch: 98 [0/10000 (0%)]	Loss: -42749.738281
2018-11-14 13:52:08,794 | ====> Test set loss: -41476.4336
2018-11-14 13:52:08,978 | Train Epoch: 99 [0/50000 (0%)]	Loss: -41621.527344
2018-11-14 13:52:26,991 | Train Epoch: 99 [25600/50000 (51%)]	Loss: -43211.320312
2018-11-14 13:52:44,142 | ====> Epoch: 99 Average loss: -42308.8711
2018-11-14 13:52:44,273 | Test Epoch: 99 [0/10000 (0%)]	Loss: -43508.457031
2018-11-14 13:52:47,916 | ====> Test set loss: -41372.7578
